  Sample3.cpp
C:\dev\DataServer\Samples\VC\Samples\Sample3\event.h(42,4): error C3861: 'DispEventUnadvise': identifier not found
  (compiling source file '../Samples/Sample3/Sample3.cpp')
      C:\dev\DataServer\Samples\VC\Samples\Sample3\event.h(42,22):
      'DispEventUnadvise': function declaration must be available as none of the arguments depend on a template parameter
      C:\dev\DataServer\Samples\VC\Samples\Sample3\event.h(42,22):
      the template instantiation context (the oldest one first) is
          C:\dev\DataServer\Samples\VC\Samples\Sample3\event.h(31,7):
          while compiling class template 'CEvent'
  
C:\dev\DataServer\Samples\VC\Samples\Sample3\event.h(51,7): error C2065: 'm_dwEventCookie': undeclared identifier
  (compiling source file '../Samples/Sample3/Sample3.cpp')
  
C:\dev\DataServer\Samples\VC\Samples\Sample3\event.h(51,7): error C3861: 'm_dwEventCookie': identifier not found
  (compiling source file '../Samples/Sample3/Sample3.cpp')
  
C:\dev\DataServer\Samples\VC\Samples\Sample3\event.h(52,9): error C3861: 'DispEventAdvise': identifier not found
  (compiling source file '../Samples/Sample3/Sample3.cpp')
      C:\dev\DataServer\Samples\VC\Samples\Sample3\event.h(52,25):
      'DispEventAdvise': function declaration must be available as none of the arguments depend on a template parameter
  
